Analysis & Synthesis report for AdderControl
Mon Jun 23 10:50:41 2014
Quartus II 64-Bit Version 13.1.4 Build 182 03/12/2014 SJ Web Edition


---------------------
; Table of Contents ;
---------------------
  1. Legal Notice
  2. Analysis & Synthesis Summary
  3. Analysis & Synthesis Settings
  4. Parallel Compilation
  5. Analysis & Synthesis Source Files Read
  6. Analysis & Synthesis Resource Usage Summary
  7. Analysis & Synthesis Resource Utilization by Entity
  8. General Register Statistics
  9. Parameter Settings for User Entity Instance: Top-level Entity: |SubSimulation
 10. Parameter Settings for User Entity Instance: online_sub_r4:uut
 11. Parameter Settings for User Entity Instance: tester_r4:subTest
 12. Port Connectivity Checks: "tester_r4:subTest"
 13. Port Connectivity Checks: "online_sub_r4:uut"
 14. Elapsed Time Per Partition
 15. Analysis & Synthesis Messages



----------------
; Legal Notice ;
----------------
Copyright (C) 1991-2014 Altera Corporation
Your use of Altera Corporation's design tools, logic functions 
and other software and tools, and its AMPP partner logic 
functions, and any output files from any of the foregoing 
(including device programming or simulation files), and any 
associated documentation or information are expressly subject 
to the terms and conditions of the Altera Program License 
Subscription Agreement, Altera MegaCore Function License 
Agreement, or other applicable license agreement, including, 
without limitation, that your use is for the sole purpose of 
programming logic devices manufactured by Altera and sold by 
Altera or its authorized distributors.  Please refer to the 
applicable agreement for further details.



+---------------------------------------------------------------------------------+
; Analysis & Synthesis Summary                                                    ;
+------------------------------------+--------------------------------------------+
; Analysis & Synthesis Status        ; Successful - Mon Jun 23 10:50:41 2014      ;
; Quartus II 64-Bit Version          ; 13.1.4 Build 182 03/12/2014 SJ Web Edition ;
; Revision Name                      ; AdderControl                               ;
; Top-level Entity Name              ; SubSimulation                              ;
; Family                             ; Cyclone III                                ;
; Total logic elements               ; 0                                          ;
;     Total combinational functions  ; 0                                          ;
;     Dedicated logic registers      ; 0                                          ;
; Total registers                    ; 0                                          ;
; Total pins                         ; 1                                          ;
; Total virtual pins                 ; 0                                          ;
; Total memory bits                  ; 0                                          ;
; Embedded Multiplier 9-bit elements ; 0                                          ;
; Total PLLs                         ; 0                                          ;
+------------------------------------+--------------------------------------------+


+----------------------------------------------------------------------------------------------------------------------+
; Analysis & Synthesis Settings                                                                                        ;
+----------------------------------------------------------------------------+--------------------+--------------------+
; Option                                                                     ; Setting            ; Default Value      ;
+----------------------------------------------------------------------------+--------------------+--------------------+
; Device                                                                     ; EP3C16F484C6       ;                    ;
; Top-level entity name                                                      ; SubSimulation      ; AdderControl       ;
; Family name                                                                ; Cyclone III        ; Cyclone IV GX      ;
; Use smart compilation                                                      ; Off                ; Off                ;
; Enable parallel Assembler and TimeQuest Timing Analyzer during compilation ; On                 ; On                 ;
; Enable compact report table                                                ; Off                ; Off                ;
; Restructure Multiplexers                                                   ; Auto               ; Auto               ;
; Create Debugging Nodes for IP Cores                                        ; Off                ; Off                ;
; Preserve fewer node names                                                  ; On                 ; On                 ;
; Disable OpenCore Plus hardware evaluation                                  ; Off                ; Off                ;
; Verilog Version                                                            ; Verilog_2001       ; Verilog_2001       ;
; VHDL Version                                                               ; VHDL_1993          ; VHDL_1993          ;
; State Machine Processing                                                   ; Auto               ; Auto               ;
; Safe State Machine                                                         ; Off                ; Off                ;
; Extract Verilog State Machines                                             ; On                 ; On                 ;
; Extract VHDL State Machines                                                ; On                 ; On                 ;
; Ignore Verilog initial constructs                                          ; Off                ; Off                ;
; Iteration limit for constant Verilog loops                                 ; 5000               ; 5000               ;
; Iteration limit for non-constant Verilog loops                             ; 250                ; 250                ;
; Add Pass-Through Logic to Inferred RAMs                                    ; On                 ; On                 ;
; Infer RAMs from Raw Logic                                                  ; On                 ; On                 ;
; Parallel Synthesis                                                         ; On                 ; On                 ;
; DSP Block Balancing                                                        ; Auto               ; Auto               ;
; NOT Gate Push-Back                                                         ; On                 ; On                 ;
; Power-Up Don't Care                                                        ; On                 ; On                 ;
; Remove Redundant Logic Cells                                               ; Off                ; Off                ;
; Remove Duplicate Registers                                                 ; On                 ; On                 ;
; Ignore CARRY Buffers                                                       ; Off                ; Off                ;
; Ignore CASCADE Buffers                                                     ; Off                ; Off                ;
; Ignore GLOBAL Buffers                                                      ; Off                ; Off                ;
; Ignore ROW GLOBAL Buffers                                                  ; Off                ; Off                ;
; Ignore LCELL Buffers                                                       ; Off                ; Off                ;
; Ignore SOFT Buffers                                                        ; On                 ; On                 ;
; Limit AHDL Integers to 32 Bits                                             ; Off                ; Off                ;
; Optimization Technique                                                     ; Balanced           ; Balanced           ;
; Carry Chain Length                                                         ; 70                 ; 70                 ;
; Auto Carry Chains                                                          ; On                 ; On                 ;
; Auto Open-Drain Pins                                                       ; On                 ; On                 ;
; Perform WYSIWYG Primitive Resynthesis                                      ; Off                ; Off                ;
; Auto ROM Replacement                                                       ; On                 ; On                 ;
; Auto RAM Replacement                                                       ; On                 ; On                 ;
; Auto DSP Block Replacement                                                 ; On                 ; On                 ;
; Auto Shift Register Replacement                                            ; Auto               ; Auto               ;
; Allow Shift Register Merging across Hierarchies                            ; Auto               ; Auto               ;
; Auto Clock Enable Replacement                                              ; On                 ; On                 ;
; Strict RAM Replacement                                                     ; Off                ; Off                ;
; Allow Synchronous Control Signals                                          ; On                 ; On                 ;
; Force Use of Synchronous Clear Signals                                     ; Off                ; Off                ;
; Auto RAM Block Balancing                                                   ; On                 ; On                 ;
; Auto RAM to Logic Cell Conversion                                          ; Off                ; Off                ;
; Auto Resource Sharing                                                      ; Off                ; Off                ;
; Allow Any RAM Size For Recognition                                         ; Off                ; Off                ;
; Allow Any ROM Size For Recognition                                         ; Off                ; Off                ;
; Allow Any Shift Register Size For Recognition                              ; Off                ; Off                ;
; Use LogicLock Constraints during Resource Balancing                        ; On                 ; On                 ;
; Ignore translate_off and synthesis_off directives                          ; Off                ; Off                ;
; Timing-Driven Synthesis                                                    ; On                 ; On                 ;
; Report Parameter Settings                                                  ; On                 ; On                 ;
; Report Source Assignments                                                  ; On                 ; On                 ;
; Report Connectivity Checks                                                 ; On                 ; On                 ;
; Ignore Maximum Fan-Out Assignments                                         ; Off                ; Off                ;
; Synchronization Register Chain Length                                      ; 2                  ; 2                  ;
; PowerPlay Power Optimization                                               ; Normal compilation ; Normal compilation ;
; HDL message level                                                          ; Level2             ; Level2             ;
; Suppress Register Optimization Related Messages                            ; Off                ; Off                ;
; Number of Removed Registers Reported in Synthesis Report                   ; 5000               ; 5000               ;
; Number of Swept Nodes Reported in Synthesis Report                         ; 5000               ; 5000               ;
; Number of Inverted Registers Reported in Synthesis Report                  ; 100                ; 100                ;
; Clock MUX Protection                                                       ; On                 ; On                 ;
; Auto Gated Clock Conversion                                                ; Off                ; Off                ;
; Block Design Naming                                                        ; Auto               ; Auto               ;
; SDC constraint protection                                                  ; Off                ; Off                ;
; Synthesis Effort                                                           ; Auto               ; Auto               ;
; Shift Register Replacement - Allow Asynchronous Clear Signal               ; On                 ; On                 ;
; Pre-Mapping Resynthesis Optimization                                       ; Off                ; Off                ;
; Analysis & Synthesis Message Level                                         ; Medium             ; Medium             ;
; Disable Register Merging Across Hierarchies                                ; Auto               ; Auto               ;
; Resource Aware Inference For Block RAM                                     ; On                 ; On                 ;
; Synthesis Seed                                                             ; 1                  ; 1                  ;
+----------------------------------------------------------------------------+--------------------+--------------------+


+------------------------------------------+
; Parallel Compilation                     ;
+----------------------------+-------------+
; Processors                 ; Number      ;
+----------------------------+-------------+
; Number detected on machine ; 4           ;
; Maximum allowed            ; 2           ;
;                            ;             ;
; Average used               ; 1.00        ;
; Maximum used               ; 1           ;
;                            ;             ;
; Usage by Processor         ; % Time Used ;
;     Processor 1            ; 100.0%      ;
;     Processors 2-4         ;   0.0%      ;
+----------------------------+-------------+


+-----------------------------------------------------------------------------------------------------------------------------------------------------------------------------------------------------------+
; Analysis & Synthesis Source Files Read                                                                                                                                                                    ;
+----------------------------------+-----------------+------------------------+-------------------------------------------------------------------------------------------------------------------+---------+
; File Name with User-Entered Path ; Used in Netlist ; File Type              ; File Name with Absolute Path                                                                                      ; Library ;
+----------------------------------+-----------------+------------------------+-------------------------------------------------------------------------------------------------------------------+---------+
; SubSimulation.v                  ; yes             ; User Verilog HDL File  ; C:/Users/Charles/Dropbox/Imperial College/Final Year Project/OnlineArithmetic/7. SubSimulation_r4/SubSimulation.v ;         ;
; tester_r4.v                      ; yes             ; User Verilog HDL File  ; C:/Users/Charles/Dropbox/Imperial College/Final Year Project/OnlineArithmetic/7. SubSimulation_r4/tester_r4.v     ;         ;
; online_sub_r4.v                  ; yes             ; User Verilog HDL File  ; C:/Users/Charles/Dropbox/Imperial College/Final Year Project/OnlineArithmetic/7. SubSimulation_r4/online_sub_r4.v ;         ;
+----------------------------------+-----------------+------------------------+-------------------------------------------------------------------------------------------------------------------+---------+


+--------------------------------------------------------+
; Analysis & Synthesis Resource Usage Summary            ;
+---------------------------------------------+----------+
; Resource                                    ; Usage    ;
+---------------------------------------------+----------+
;                                             ;          ;
; Total combinational functions               ; 0        ;
; Logic element usage by number of LUT inputs ;          ;
;     -- 4 input functions                    ; 0        ;
;     -- 3 input functions                    ; 0        ;
;     -- <=2 input functions                  ; 0        ;
;                                             ;          ;
; Logic elements by mode                      ;          ;
;     -- normal mode                          ; 0        ;
;     -- arithmetic mode                      ; 0        ;
;                                             ;          ;
; Total registers                             ; 0        ;
;     -- Dedicated logic registers            ; 0        ;
;     -- I/O registers                        ; 0        ;
;                                             ;          ;
; I/O pins                                    ; 1        ;
; Embedded Multiplier 9-bit elements          ; 0        ;
; Maximum fan-out node                        ; CLOCK_50 ;
; Maximum fan-out                             ; 1        ;
; Total fan-out                               ; 1        ;
; Average fan-out                             ; 0.50     ;
+---------------------------------------------+----------+


+-----------------------------------------------------------------------------------------------------------------------------------------------------------------------------+
; Analysis & Synthesis Resource Utilization by Entity                                                                                                                         ;
+----------------------------+-------------------+--------------+-------------+--------------+---------+-----------+------+--------------+---------------------+--------------+
; Compilation Hierarchy Node ; LC Combinationals ; LC Registers ; Memory Bits ; DSP Elements ; DSP 9x9 ; DSP 18x18 ; Pins ; Virtual Pins ; Full Hierarchy Name ; Library Name ;
+----------------------------+-------------------+--------------+-------------+--------------+---------+-----------+------+--------------+---------------------+--------------+
; |SubSimulation             ; 0 (0)             ; 0 (0)        ; 0           ; 0            ; 0       ; 0         ; 1    ; 0            ; |SubSimulation      ; work         ;
+----------------------------+-------------------+--------------+-------------+--------------+---------+-----------+------+--------------+---------------------+--------------+
Note: For table entries with two numbers listed, the numbers in parentheses indicate the number of resources of the given type used by the specific entity alone. The numbers listed outside of parentheses indicate the total resources of the given type used by the specific entity and all of its sub-entities in the hierarchy.


+------------------------------------------------------+
; General Register Statistics                          ;
+----------------------------------------------+-------+
; Statistic                                    ; Value ;
+----------------------------------------------+-------+
; Total registers                              ; 0     ;
; Number of registers using Synchronous Clear  ; 0     ;
; Number of registers using Synchronous Load   ; 0     ;
; Number of registers using Asynchronous Clear ; 0     ;
; Number of registers using Asynchronous Load  ; 0     ;
; Number of registers using Clock Enable       ; 0     ;
; Number of registers using Preset             ; 0     ;
+----------------------------------------------+-------+


+-------------------------------------------------------------------------------+
; Parameter Settings for User Entity Instance: Top-level Entity: |SubSimulation ;
+----------------+-------+------------------------------------------------------+
; Parameter Name ; Value ; Type                                                 ;
+----------------+-------+------------------------------------------------------+
; n              ; 6     ; Signed Integer                                       ;
; c              ; 3     ; Signed Integer                                       ;
; delay          ; 2     ; Signed Integer                                       ;
; cycles         ; 8     ; Signed Integer                                       ;
; numTests       ; 9     ; Signed Integer                                       ;
+----------------+-------+------------------------------------------------------+
Note: In order to hide this table in the UI and the text report file, please set the "Show Parameter Settings in Synthesis Report" option in "Analysis and Synthesis Settings -> More Settings" to "Off".


+----------------------------------------------------------------+
; Parameter Settings for User Entity Instance: online_sub_r4:uut ;
+----------------+-------+---------------------------------------+
; Parameter Name ; Value ; Type                                  ;
+----------------+-------+---------------------------------------+
; r              ; 4     ; Signed Integer                        ;
; a              ; 3     ; Signed Integer                        ;
+----------------+-------+---------------------------------------+
Note: In order to hide this table in the UI and the text report file, please set the "Show Parameter Settings in Synthesis Report" option in "Analysis and Synthesis Settings -> More Settings" to "Off".


+----------------------------------------------------------------+
; Parameter Settings for User Entity Instance: tester_r4:subTest ;
+----------------+-------+---------------------------------------+
; Parameter Name ; Value ; Type                                  ;
+----------------+-------+---------------------------------------+
; n              ; 6     ; Signed Integer                        ;
; c              ; 3     ; Signed Integer                        ;
+----------------+-------+---------------------------------------+
Note: In order to hide this table in the UI and the text report file, please set the "Show Parameter Settings in Synthesis Report" option in "Analysis and Synthesis Settings -> More Settings" to "Off".


+----------------------------------------------------------------------------------------------------------------+
; Port Connectivity Checks: "tester_r4:subTest"                                                                  ;
+------+--------+----------+-------------------------------------------------------------------------------------+
; Port ; Type   ; Severity ; Details                                                                             ;
+------+--------+----------+-------------------------------------------------------------------------------------+
; x    ; Output ; Info     ; Connected to dangling logic. Logic that only feeds a dangling port will be removed. ;
; y    ; Output ; Info     ; Connected to dangling logic. Logic that only feeds a dangling port will be removed. ;
; z    ; Output ; Info     ; Connected to dangling logic. Logic that only feeds a dangling port will be removed. ;
+------+--------+----------+-------------------------------------------------------------------------------------+


+----------------------------------------------------------------------------------------------------------------+
; Port Connectivity Checks: "online_sub_r4:uut"                                                                  ;
+------+--------+----------+-------------------------------------------------------------------------------------+
; Port ; Type   ; Severity ; Details                                                                             ;
+------+--------+----------+-------------------------------------------------------------------------------------+
; zi   ; Output ; Info     ; Connected to dangling logic. Logic that only feeds a dangling port will be removed. ;
+------+--------+----------+-------------------------------------------------------------------------------------+


+-------------------------------+
; Elapsed Time Per Partition    ;
+----------------+--------------+
; Partition Name ; Elapsed Time ;
+----------------+--------------+
; Top            ; 00:00:00     ;
+----------------+--------------+


+-------------------------------+
; Analysis & Synthesis Messages ;
+-------------------------------+
Info: *******************************************************************
Info: Running Quartus II 64-Bit Analysis & Synthesis
    Info: Version 13.1.4 Build 182 03/12/2014 SJ Web Edition
    Info: Processing started: Mon Jun 23 10:50:40 2014
Info: Command: quartus_map --read_settings_files=on --write_settings_files=off SubSimulation -c AdderControl
Info (11104): Parallel Compilation has detected 4 hyper-threaded processors. However, the extra hyper-threaded processors will not be used by default. Parallel Compilation will use 2 of the 2 physical processors detected instead.
Info (12021): Found 1 design units, including 1 entities, in source file subsimulation.v
    Info (12023): Found entity 1: SubSimulation
Info (12021): Found 1 design units, including 1 entities, in source file online_adder_r4.v
    Info (12023): Found entity 1: online_adder_r4
Info (12021): Found 1 design units, including 1 entities, in source file button_debouncer.v
    Info (12023): Found entity 1: button_debouncer
Warning (10229): Verilog HDL Expression warning at SEG7_LUT.v(29): truncated literal to match 6 bits
Info (12021): Found 1 design units, including 1 entities, in source file seg7_lut.v
    Info (12023): Found entity 1: SEG7_LUT
Info (12021): Found 1 design units, including 1 entities, in source file tester_r4.v
    Info (12023): Found entity 1: tester_r4
Info (12021): Found 1 design units, including 1 entities, in source file online_sub_r4.v
    Info (12023): Found entity 1: online_sub_r4
Info (12127): Elaborating entity "SubSimulation" for the top level hierarchy
Info (10648): Verilog HDL Display System Task info at SubSimulation.v(84): Test  # 0
Warning (10175): Verilog HDL warning at SubSimulation.v(85): ignoring unsupported system task
Warning (10175): Verilog HDL warning at SubSimulation.v(134): ignoring unsupported system task
Warning (10175): Verilog HDL warning at SubSimulation.v(86): ignoring unsupported system task
Info (10648): Verilog HDL Display System Task info at SubSimulation.v(87): 
Info (10648): Verilog HDL Display System Task info at SubSimulation.v(109): xi = 0, yi = 0, zi = 0
Info (10648): Verilog HDL Display System Task info at SubSimulation.v(109): xi = 0, yi = 0, zi = 0
Info (10648): Verilog HDL Display System Task info at SubSimulation.v(109): xi = 0, yi = 0, zi = 0
Info (10648): Verilog HDL Display System Task info at SubSimulation.v(109): xi = 0, yi = 0, zi = 0
Info (10648): Verilog HDL Display System Task info at SubSimulation.v(109): xi = 0, yi = 0, zi = 0
Info (10648): Verilog HDL Display System Task info at SubSimulation.v(109): xi = 0, yi = 0, zi = 0
Info (10648): Verilog HDL Display System Task info at SubSimulation.v(109): xi = 0, yi = 0, zi = 0
Info (10648): Verilog HDL Display System Task info at SubSimulation.v(109): xi = 0, yi = 0, zi = 0
Warning (10175): Verilog HDL warning at SubSimulation.v(113): ignoring unsupported system task
Info (10648): Verilog HDL Display System Task info at SubSimulation.v(114): 
Info (10648): Verilog HDL Display System Task info at SubSimulation.v(115): Correct\n
Info (10648): Verilog HDL Display System Task info at SubSimulation.v(116): Error\n
Info (10648): Verilog HDL Display System Task info at SubSimulation.v(84): Test  # 1
Info (10648): Verilog HDL Display System Task info at SubSimulation.v(87): 
Info (10648): Verilog HDL Display System Task info at SubSimulation.v(109): xi = 0, yi = 0, zi = 0
Info (10648): Verilog HDL Display System Task info at SubSimulation.v(109): xi = 0, yi = 0, zi = 0
Info (10648): Verilog HDL Display System Task info at SubSimulation.v(109): xi = 0, yi = 0, zi = 0
Info (10648): Verilog HDL Display System Task info at SubSimulation.v(109): xi = 0, yi = 0, zi = 0
Info (10648): Verilog HDL Display System Task info at SubSimulation.v(109): xi = 0, yi = 0, zi = 0
Info (10648): Verilog HDL Display System Task info at SubSimulation.v(109): xi = 0, yi = 0, zi = 0
Info (10648): Verilog HDL Display System Task info at SubSimulation.v(109): xi = 0, yi = 0, zi = 0
Info (10648): Verilog HDL Display System Task info at SubSimulation.v(109): xi = 0, yi = 0, zi = 0
Info (10648): Verilog HDL Display System Task info at SubSimulation.v(114): 
Info (10648): Verilog HDL Display System Task info at SubSimulation.v(115): Correct\n
Info (10648): Verilog HDL Display System Task info at SubSimulation.v(116): Error\n
Info (10648): Verilog HDL Display System Task info at SubSimulation.v(84): Test  # 2
Info (10648): Verilog HDL Display System Task info at SubSimulation.v(87): 
Info (10648): Verilog HDL Display System Task info at SubSimulation.v(109): xi = 0, yi = 0, zi = 0
Info (10648): Verilog HDL Display System Task info at SubSimulation.v(109): xi = 0, yi = 0, zi = 0
Info (10648): Verilog HDL Display System Task info at SubSimulation.v(109): xi = 0, yi = 0, zi = 0
Info (10648): Verilog HDL Display System Task info at SubSimulation.v(109): xi = 0, yi = 0, zi = 0
Info (10648): Verilog HDL Display System Task info at SubSimulation.v(109): xi = 0, yi = 0, zi = 0
Info (10648): Verilog HDL Display System Task info at SubSimulation.v(109): xi = 0, yi = 0, zi = 0
Info (10648): Verilog HDL Display System Task info at SubSimulation.v(109): xi = 0, yi = 0, zi = 0
Info (10648): Verilog HDL Display System Task info at SubSimulation.v(109): xi = 0, yi = 0, zi = 0
Info (10648): Verilog HDL Display System Task info at SubSimulation.v(114): 
Info (10648): Verilog HDL Display System Task info at SubSimulation.v(115): Correct\n
Info (10648): Verilog HDL Display System Task info at SubSimulation.v(116): Error\n
Info (10648): Verilog HDL Display System Task info at SubSimulation.v(84): Test  # 3
Info (10648): Verilog HDL Display System Task info at SubSimulation.v(87): 
Info (10648): Verilog HDL Display System Task info at SubSimulation.v(109): xi = 0, yi = 0, zi = 0
Info (10648): Verilog HDL Display System Task info at SubSimulation.v(109): xi = 0, yi = 0, zi = 0
Info (10648): Verilog HDL Display System Task info at SubSimulation.v(109): xi = 0, yi = 0, zi = 0
Info (10648): Verilog HDL Display System Task info at SubSimulation.v(109): xi = 0, yi = 0, zi = 0
Info (10648): Verilog HDL Display System Task info at SubSimulation.v(109): xi = 0, yi = 0, zi = 0
Info (10648): Verilog HDL Display System Task info at SubSimulation.v(109): xi = 0, yi = 0, zi = 0
Info (10648): Verilog HDL Display System Task info at SubSimulation.v(109): xi = 0, yi = 0, zi = 0
Info (10648): Verilog HDL Display System Task info at SubSimulation.v(109): xi = 0, yi = 0, zi = 0
Info (10648): Verilog HDL Display System Task info at SubSimulation.v(114): 
Info (10648): Verilog HDL Display System Task info at SubSimulation.v(115): Correct\n
Info (10648): Verilog HDL Display System Task info at SubSimulation.v(116): Error\n
Info (10648): Verilog HDL Display System Task info at SubSimulation.v(84): Test  # 4
Info (10648): Verilog HDL Display System Task info at SubSimulation.v(87): 
Info (10648): Verilog HDL Display System Task info at SubSimulation.v(109): xi = 0, yi = 0, zi = 0
Info (10648): Verilog HDL Display System Task info at SubSimulation.v(109): xi = 0, yi = 0, zi = 0
Info (10648): Verilog HDL Display System Task info at SubSimulation.v(109): xi = 0, yi = 0, zi = 0
Info (10648): Verilog HDL Display System Task info at SubSimulation.v(109): xi = 0, yi = 0, zi = 0
Info (10648): Verilog HDL Display System Task info at SubSimulation.v(109): xi = 0, yi = 0, zi = 0
Info (10648): Verilog HDL Display System Task info at SubSimulation.v(109): xi = 0, yi = 0, zi = 0
Info (10648): Verilog HDL Display System Task info at SubSimulation.v(109): xi = 0, yi = 0, zi = 0
Info (10648): Verilog HDL Display System Task info at SubSimulation.v(109): xi = 0, yi = 0, zi = 0
Info (10648): Verilog HDL Display System Task info at SubSimulation.v(114): 
Info (10648): Verilog HDL Display System Task info at SubSimulation.v(115): Correct\n
Info (10648): Verilog HDL Display System Task info at SubSimulation.v(116): Error\n
Info (10648): Verilog HDL Display System Task info at SubSimulation.v(84): Test  # 5
Info (10648): Verilog HDL Display System Task info at SubSimulation.v(87): 
Info (10648): Verilog HDL Display System Task info at SubSimulation.v(109): xi = 0, yi = 0, zi = 0
Info (10648): Verilog HDL Display System Task info at SubSimulation.v(109): xi = 0, yi = 0, zi = 0
Info (10648): Verilog HDL Display System Task info at SubSimulation.v(109): xi = 0, yi = 0, zi = 0
Info (10648): Verilog HDL Display System Task info at SubSimulation.v(109): xi = 0, yi = 0, zi = 0
Info (10648): Verilog HDL Display System Task info at SubSimulation.v(109): xi = 0, yi = 0, zi = 0
Info (10648): Verilog HDL Display System Task info at SubSimulation.v(109): xi = 0, yi = 0, zi = 0
Info (10648): Verilog HDL Display System Task info at SubSimulation.v(109): xi = 0, yi = 0, zi = 0
Info (10648): Verilog HDL Display System Task info at SubSimulation.v(109): xi = 0, yi = 0, zi = 0
Info (10648): Verilog HDL Display System Task info at SubSimulation.v(114): 
Info (10648): Verilog HDL Display System Task info at SubSimulation.v(115): Correct\n
Info (10648): Verilog HDL Display System Task info at SubSimulation.v(116): Error\n
Info (10648): Verilog HDL Display System Task info at SubSimulation.v(84): Test  # 6
Info (10648): Verilog HDL Display System Task info at SubSimulation.v(87): 
Info (10648): Verilog HDL Display System Task info at SubSimulation.v(109): xi = 0, yi = 0, zi = 0
Info (10648): Verilog HDL Display System Task info at SubSimulation.v(109): xi = 0, yi = 0, zi = 0
Info (10648): Verilog HDL Display System Task info at SubSimulation.v(109): xi = 0, yi = 0, zi = 0
Info (10648): Verilog HDL Display System Task info at SubSimulation.v(109): xi = 0, yi = 0, zi = 0
Info (10648): Verilog HDL Display System Task info at SubSimulation.v(109): xi = 0, yi = 0, zi = 0
Info (10648): Verilog HDL Display System Task info at SubSimulation.v(109): xi = 0, yi = 0, zi = 0
Info (10648): Verilog HDL Display System Task info at SubSimulation.v(109): xi = 0, yi = 0, zi = 0
Info (10648): Verilog HDL Display System Task info at SubSimulation.v(109): xi = 0, yi = 0, zi = 0
Info (10648): Verilog HDL Display System Task info at SubSimulation.v(114): 
Info (10648): Verilog HDL Display System Task info at SubSimulation.v(115): Correct\n
Info (10648): Verilog HDL Display System Task info at SubSimulation.v(116): Error\n
Info (10648): Verilog HDL Display System Task info at SubSimulation.v(84): Test  # 7
Info (10648): Verilog HDL Display System Task info at SubSimulation.v(87): 
Info (10648): Verilog HDL Display System Task info at SubSimulation.v(109): xi = 0, yi = 0, zi = 0
Info (10648): Verilog HDL Display System Task info at SubSimulation.v(109): xi = 0, yi = 0, zi = 0
Info (10648): Verilog HDL Display System Task info at SubSimulation.v(109): xi = 0, yi = 0, zi = 0
Info (10648): Verilog HDL Display System Task info at SubSimulation.v(109): xi = 0, yi = 0, zi = 0
Info (10648): Verilog HDL Display System Task info at SubSimulation.v(109): xi = 0, yi = 0, zi = 0
Info (10648): Verilog HDL Display System Task info at SubSimulation.v(109): xi = 0, yi = 0, zi = 0
Info (10648): Verilog HDL Display System Task info at SubSimulation.v(109): xi = 0, yi = 0, zi = 0
Info (10648): Verilog HDL Display System Task info at SubSimulation.v(109): xi = 0, yi = 0, zi = 0
Info (10648): Verilog HDL Display System Task info at SubSimulation.v(114): 
Info (10648): Verilog HDL Display System Task info at SubSimulation.v(115): Correct\n
Info (10648): Verilog HDL Display System Task info at SubSimulation.v(116): Error\n
Info (10648): Verilog HDL Display System Task info at SubSimulation.v(84): Test  # 8
Info (10648): Verilog HDL Display System Task info at SubSimulation.v(87): 
Info (10648): Verilog HDL Display System Task info at SubSimulation.v(109): xi = 0, yi = 0, zi = 0
Info (10648): Verilog HDL Display System Task info at SubSimulation.v(109): xi = 0, yi = 0, zi = 0
Info (10648): Verilog HDL Display System Task info at SubSimulation.v(109): xi = 0, yi = 0, zi = 0
Info (10648): Verilog HDL Display System Task info at SubSimulation.v(109): xi = 0, yi = 0, zi = 0
Info (10648): Verilog HDL Display System Task info at SubSimulation.v(109): xi = 0, yi = 0, zi = 0
Info (10648): Verilog HDL Display System Task info at SubSimulation.v(109): xi = 0, yi = 0, zi = 0
Info (10648): Verilog HDL Display System Task info at SubSimulation.v(109): xi = 0, yi = 0, zi = 0
Info (10648): Verilog HDL Display System Task info at SubSimulation.v(109): xi = 0, yi = 0, zi = 0
Info (10648): Verilog HDL Display System Task info at SubSimulation.v(114): 
Info (10648): Verilog HDL Display System Task info at SubSimulation.v(115): Correct\n
Info (10648): Verilog HDL Display System Task info at SubSimulation.v(116): Error\n
Warning (10175): Verilog HDL warning at SubSimulation.v(123): ignoring unsupported system task
Warning (10855): Verilog HDL warning at SubSimulation.v(64): initial value for variable result should be constant
Info (12128): Elaborating entity "online_sub_r4" for hierarchy "online_sub_r4:uut"
Warning (10230): Verilog HDL assignment warning at online_sub_r4.v(38): truncated value with size 4 to match size of target (3)
Warning (10230): Verilog HDL assignment warning at online_sub_r4.v(39): truncated value with size 32 to match size of target (4)
Warning (10230): Verilog HDL assignment warning at online_sub_r4.v(42): truncated value with size 4 to match size of target (3)
Warning (10230): Verilog HDL assignment warning at online_sub_r4.v(43): truncated value with size 32 to match size of target (4)
Warning (10230): Verilog HDL assignment warning at online_sub_r4.v(46): truncated value with size 4 to match size of target (3)
Info (12128): Elaborating entity "tester_r4" for hierarchy "tester_r4:subTest"
Info (16010): Generating hard_block partition "hard_block:auto_generated_inst"
    Info (16011): Adding 0 node(s), including 0 DDIO, 0 PLL, 0 transceiver and 0 LCELL
Warning (21074): Design contains 1 input pin(s) that do not drive logic
    Warning (15610): No output dependent on input pin "CLOCK_50"
Info (21057): Implemented 1 device resources after synthesis - the final resource count might be different
    Info (21058): Implemented 1 input pins
    Info (21059): Implemented 0 output pins
Info: Quartus II 64-Bit Analysis & Synthesis was successful. 0 errors, 14 warnings
    Info: Peak virtual memory: 479 megabytes
    Info: Processing ended: Mon Jun 23 10:50:41 2014
    Info: Elapsed time: 00:00:01
    Info: Total CPU time (on all processors): 00:00:01


